<?xml version="1.0" encoding="UTF-8"?>
<!-- Generated by org.testng.reporters.JUnitReportReporter -->
<testsuite hostname="DESKTOP-8HC6CVC" failures="0" tests="1" name="com.mystore.testcases.OrderPageTest" time="58.224" errors="0" timestamp="2022-05-27T19:20:47 IST" skipped="0">
  <testcase classname="com.mystore.testcases.OrderPageTest" name="verifyTotalPrice" time="58.224"/>
  <system-out/>
</testsuite> <!-- com.mystore.testcases.OrderPageTest -->
