<?xml version="1.0" encoding="UTF-8"?>
<!-- Generated by org.testng.reporters.JUnitReportReporter -->
<testsuite hostname="DESKTOP-8HC6CVC" failures="0" tests="2" name="com.mystore.testcases.IndexPageTest" time="20.413" errors="0" timestamp="2022-05-27T19:20:47 IST" skipped="0">
  <testcase classname="com.mystore.testcases.IndexPageTest" name="verifyTitle" time="10.603"/>
  <system-out/>
  <testcase classname="com.mystore.testcases.IndexPageTest" name="verifyLogo" time="9.810"/>
  <system-out/>
</testsuite> <!-- com.mystore.testcases.IndexPageTest -->
