<?xml version="1.0" encoding="UTF-8"?>
<!-- Generated by org.testng.reporters.JUnitReportReporter -->
<testsuite hostname="DESKTOP-8HC6CVC" failures="0" tests="2" name="com.mystore.testcases.HomePageTest" time="39.458" errors="0" timestamp="2022-05-27T19:20:47 IST" skipped="0">
  <testcase classname="com.mystore.testcases.HomePageTest" name="wishListTest" time="20.094"/>
  <system-out/>
  <testcase classname="com.mystore.testcases.HomePageTest" name="orderHistoryandDetailsTest" time="19.364"/>
  <system-out/>
</testsuite> <!-- com.mystore.testcases.HomePageTest -->
