<?xml version="1.0" encoding="UTF-8"?>
<!-- Generated by org.testng.reporters.JUnitReportReporter -->
<testsuite hostname="DESKTOP-8HC6CVC" failures="0" tests="4" name="com.mystore.testcases.IndexPageTest" time="77.063" errors="0" timestamp="2022-05-27T22:10:54 IST" skipped="0">
  <testcase classname="com.mystore.testcases.IndexPageTest" name="verifyLogo" time="15.981"/>
  <system-out/>
  <testcase classname="com.mystore.testcases.IndexPageTest" name="verifyLogo" time="23.751"/>
  <system-out/>
  <testcase classname="com.mystore.testcases.IndexPageTest" name="verifyTitle" time="18.457"/>
  <system-out/>
  <testcase classname="com.mystore.testcases.IndexPageTest" name="verifyTitle" time="18.874"/>
  <system-out/>
</testsuite> <!-- com.mystore.testcases.IndexPageTest -->
