<?xml version="1.0" encoding="UTF-8"?>
<!-- Generated by org.testng.reporters.JUnitReportReporter -->
<testsuite hostname="DESKTOP-8HC6CVC" failures="0" tests="1" name="com.mystore.testcases.LoginPageTest" time="24.685" errors="0" timestamp="2022-05-27T19:20:47 IST" skipped="0">
  <testcase classname="com.mystore.testcases.LoginPageTest" name="loginTest" time="24.685"/>
  <system-out/>
</testsuite> <!-- com.mystore.testcases.LoginPageTest -->
